2023-12-25T03:13:35.308262+00:00 INFO 'ansible_navigator.setup_logger' New ansible-navigator instance, logging initialized
2023-12-25T03:13:35.308538+00:00 INFO 'ansible_navigator.setup_logger' New ansible-runner instance, logging initialized
2023-12-25T03:13:35.308616+00:00 DEBUG 'ansible_navigator.main' Jinja2==3.1.2 
2023-12-25T03:13:35.308655+00:00 DEBUG 'ansible_navigator.main' MarkupSafe==2.1.3 
2023-12-25T03:13:35.308685+00:00 DEBUG 'ansible_navigator.main' Parsley==1.3 
2023-12-25T03:13:35.308713+00:00 DEBUG 'ansible_navigator.main' PyNaCl==1.5.0 
2023-12-25T03:13:35.308741+00:00 DEBUG 'ansible_navigator.main' PyYAML==5.4.1 
2023-12-25T03:13:35.308768+00:00 DEBUG 'ansible_navigator.main' Pygments==2.17.2 
2023-12-25T03:13:35.308794+00:00 DEBUG 'ansible_navigator.main' ansible-builder==3.0.0 
2023-12-25T03:13:35.308820+00:00 DEBUG 'ansible_navigator.main' ansible-compat==4.1.10 
2023-12-25T03:13:35.308846+00:00 DEBUG 'ansible_navigator.main' ansible-core==2.14.9 
2023-12-25T03:13:35.308872+00:00 DEBUG 'ansible_navigator.main' ansible-lint==6.22.1 
2023-12-25T03:13:35.308911+00:00 DEBUG 'ansible_navigator.main' ansible-navigator==3.5.0 
2023-12-25T03:13:35.308940+00:00 DEBUG 'ansible_navigator.main' ansible-runner==2.3.4 
2023-12-25T03:13:35.308967+00:00 DEBUG 'ansible_navigator.main' ansible==7.7.0 /usr/lib/python3.9/site-packages/ansible/__init__.py
2023-12-25T03:13:35.308994+00:00 DEBUG 'ansible_navigator.main' attrs==23.1.0 /usr/local/lib/python3.9/site-packages/attrs/__init__.py
2023-12-25T03:13:35.309020+00:00 DEBUG 'ansible_navigator.main' bcrypt==4.1.2 /usr/local/lib64/python3.9/site-packages/bcrypt/__init__.py
2023-12-25T03:13:35.309046+00:00 DEBUG 'ansible_navigator.main' bindep==2.11.0 /home/iac-admin/.local/lib/python3.9/site-packages/bindep/__init__.py
2023-12-25T03:13:35.309072+00:00 DEBUG 'ansible_navigator.main' black==23.12.1 /home/iac-admin/.local/lib/python3.9/site-packages/black/__init__.cpython-39-x86_64-linux-gnu.so
2023-12-25T03:13:35.309098+00:00 DEBUG 'ansible_navigator.main' bracex==2.4 /home/iac-admin/.local/lib/python3.9/site-packages/bracex/__init__.py
2023-12-25T03:13:35.309124+00:00 DEBUG 'ansible_navigator.main' certifi==2023.11.17 /usr/local/lib/python3.9/site-packages/certifi/__init__.py
2023-12-25T03:13:35.309151+00:00 DEBUG 'ansible_navigator.main' cffi==1.14.5 /usr/lib64/python3.9/site-packages/cffi/__init__.py
2023-12-25T03:13:35.309176+00:00 DEBUG 'ansible_navigator.main' charset-normalizer==3.3.2 
2023-12-25T03:13:35.309202+00:00 DEBUG 'ansible_navigator.main' click==8.1.7 /home/iac-admin/.local/lib/python3.9/site-packages/click/__init__.py
2023-12-25T03:13:35.309227+00:00 DEBUG 'ansible_navigator.main' cryptography==36.0.1 /usr/lib64/python3.9/site-packages/cryptography/__init__.py
2023-12-25T03:13:35.309253+00:00 DEBUG 'ansible_navigator.main' dbus-python==1.2.18 
2023-12-25T03:13:35.309278+00:00 DEBUG 'ansible_navigator.main' distro==1.9.0 /home/iac-admin/.local/lib/python3.9/site-packages/distro/__init__.py
2023-12-25T03:13:35.309304+00:00 DEBUG 'ansible_navigator.main' docker-compose==1.29.2 
2023-12-25T03:13:35.309330+00:00 DEBUG 'ansible_navigator.main' docker==6.1.3 /usr/local/lib/python3.9/site-packages/docker/__init__.py
2023-12-25T03:13:35.309355+00:00 DEBUG 'ansible_navigator.main' dockerpty==0.4.1 /usr/local/lib/python3.9/site-packages/dockerpty/__init__.py
2023-12-25T03:13:35.309380+00:00 DEBUG 'ansible_navigator.main' docopt==0.6.2 /usr/local/lib/python3.9/site-packages/docopt.py
2023-12-25T03:13:35.309405+00:00 DEBUG 'ansible_navigator.main' docutils==0.20.1 /home/iac-admin/.local/lib/python3.9/site-packages/docutils/__init__.py
2023-12-25T03:13:35.309431+00:00 DEBUG 'ansible_navigator.main' filelock==3.13.1 /home/iac-admin/.local/lib/python3.9/site-packages/filelock/__init__.py
2023-12-25T03:13:35.309455+00:00 DEBUG 'ansible_navigator.main' idna==3.6 /usr/local/lib/python3.9/site-packages/idna/__init__.py
2023-12-25T03:13:35.309507+00:00 DEBUG 'ansible_navigator.main' importlib-metadata==6.2.1 
2023-12-25T03:13:35.309538+00:00 DEBUG 'ansible_navigator.main' jsonschema-specifications==2023.11.2 
2023-12-25T03:13:35.309572+00:00 DEBUG 'ansible_navigator.main' jsonschema==4.20.0 /home/iac-admin/.local/lib/python3.9/site-packages/jsonschema/__init__.py
2023-12-25T03:13:35.309598+00:00 DEBUG 'ansible_navigator.main' lockfile==0.12.2 /home/iac-admin/.local/lib/python3.9/site-packages/lockfile/__init__.py
2023-12-25T03:13:35.309623+00:00 DEBUG 'ansible_navigator.main' markdown-it-py==3.0.0 
2023-12-25T03:13:35.309650+00:00 DEBUG 'ansible_navigator.main' mdurl==0.1.2 /home/iac-admin/.local/lib/python3.9/site-packages/mdurl/__init__.py
2023-12-25T03:13:35.309676+00:00 DEBUG 'ansible_navigator.main' mypy-extensions==1.0.0 
2023-12-25T03:13:35.309701+00:00 DEBUG 'ansible_navigator.main' onigurumacffi==1.3.0 /home/iac-admin/.local/lib/python3.9/site-packages/onigurumacffi.py
2023-12-25T03:13:35.309727+00:00 DEBUG 'ansible_navigator.main' packaging==23.2 /home/iac-admin/.local/lib/python3.9/site-packages/packaging/__init__.py
2023-12-25T03:13:35.309752+00:00 DEBUG 'ansible_navigator.main' paramiko==3.4.0 /usr/local/lib/python3.9/site-packages/paramiko/__init__.py
2023-12-25T03:13:35.309778+00:00 DEBUG 'ansible_navigator.main' pathspec==0.12.1 /home/iac-admin/.local/lib/python3.9/site-packages/pathspec/__init__.py
2023-12-25T03:13:35.309803+00:00 DEBUG 'ansible_navigator.main' pbr==6.0.0 /home/iac-admin/.local/lib/python3.9/site-packages/pbr/__init__.py
2023-12-25T03:13:35.309828+00:00 DEBUG 'ansible_navigator.main' pexpect==4.9.0 /home/iac-admin/.local/lib/python3.9/site-packages/pexpect/__init__.py
2023-12-25T03:13:35.309854+00:00 DEBUG 'ansible_navigator.main' pip==23.3.2 /usr/local/lib/python3.9/site-packages/pip/__init__.py
2023-12-25T03:13:35.309879+00:00 DEBUG 'ansible_navigator.main' platformdirs==4.1.0 /home/iac-admin/.local/lib/python3.9/site-packages/platformdirs/__init__.py
2023-12-25T03:13:35.309904+00:00 DEBUG 'ansible_navigator.main' ply==3.11 /usr/lib/python3.9/site-packages/ply/__init__.py
2023-12-25T03:13:35.309930+00:00 DEBUG 'ansible_navigator.main' ptyprocess==0.7.0 /home/iac-admin/.local/lib/python3.9/site-packages/ptyprocess/__init__.py
2023-12-25T03:13:35.309955+00:00 DEBUG 'ansible_navigator.main' pycparser==2.20 /usr/lib/python3.9/site-packages/pycparser/__init__.py
2023-12-25T03:13:35.309980+00:00 DEBUG 'ansible_navigator.main' pyparsing==2.4.7 /usr/lib/python3.9/site-packages/pyparsing.py
2023-12-25T03:13:35.310005+00:00 DEBUG 'ansible_navigator.main' pyrsistent==0.20.0 /usr/local/lib64/python3.9/site-packages/pyrsistent/__init__.py
2023-12-25T03:13:35.310029+00:00 DEBUG 'ansible_navigator.main' python-daemon==3.0.1 
2023-12-25T03:13:35.310054+00:00 DEBUG 'ansible_navigator.main' python-dateutil==2.8.1 
2023-12-25T03:13:35.310079+00:00 DEBUG 'ansible_navigator.main' python-dotenv==0.21.1 
2023-12-25T03:13:35.310104+00:00 DEBUG 'ansible_navigator.main' referencing==0.32.0 /home/iac-admin/.local/lib/python3.9/site-packages/referencing/__init__.py
2023-12-25T03:13:35.310129+00:00 DEBUG 'ansible_navigator.main' requests==2.31.0 /usr/local/lib/python3.9/site-packages/requests/__init__.py
2023-12-25T03:13:35.310154+00:00 DEBUG 'ansible_navigator.main' requirements-parser==0.5.0 
2023-12-25T03:13:35.310179+00:00 DEBUG 'ansible_navigator.main' resolvelib==0.5.4 /usr/lib/python3.9/site-packages/resolvelib/__init__.py
2023-12-25T03:13:35.310204+00:00 DEBUG 'ansible_navigator.main' rich==13.7.0 /home/iac-admin/.local/lib/python3.9/site-packages/rich/__init__.py
2023-12-25T03:13:35.310229+00:00 DEBUG 'ansible_navigator.main' rpds-py==0.15.2 
2023-12-25T03:13:35.310255+00:00 DEBUG 'ansible_navigator.main' ruamel.yaml.clib==0.2.8 
2023-12-25T03:13:35.310279+00:00 DEBUG 'ansible_navigator.main' ruamel.yaml==0.18.5 /home/iac-admin/.local/lib/python3.9/site-packages/ruamel/yaml/__init__.py
2023-12-25T03:13:35.310304+00:00 DEBUG 'ansible_navigator.main' selinux==3.5 /usr/lib64/python3.9/site-packages/selinux/__init__.py
2023-12-25T03:13:35.310328+00:00 DEBUG 'ansible_navigator.main' sepolicy==3.5 /usr/lib/python3.9/site-packages/sepolicy/__init__.py
2023-12-25T03:13:35.310354+00:00 DEBUG 'ansible_navigator.main' setools==4.4.3 /usr/lib64/python3.9/site-packages/setools/__init__.py
2023-12-25T03:13:35.310381+00:00 DEBUG 'ansible_navigator.main' setuptools==69.0.3 /home/iac-admin/.local/lib/python3.9/site-packages/setuptools/__init__.py
2023-12-25T03:13:35.310406+00:00 DEBUG 'ansible_navigator.main' six==1.15.0 /usr/lib/python3.9/site-packages/six.py
2023-12-25T03:13:35.310432+00:00 DEBUG 'ansible_navigator.main' subprocess-tee==0.4.1 
2023-12-25T03:13:35.310457+00:00 DEBUG 'ansible_navigator.main' texttable==1.7.0 /usr/local/lib/python3.9/site-packages/texttable.py
2023-12-25T03:13:35.310511+00:00 DEBUG 'ansible_navigator.main' tomli==2.0.1 /home/iac-admin/.local/lib/python3.9/site-packages/tomli/__init__.py
2023-12-25T03:13:35.310540+00:00 DEBUG 'ansible_navigator.main' types-setuptools==69.0.0.0 
2023-12-25T03:13:35.310567+00:00 DEBUG 'ansible_navigator.main' typing_extensions==4.9.0 /home/iac-admin/.local/lib/python3.9/site-packages/typing_extensions.py
2023-12-25T03:13:35.310593+00:00 DEBUG 'ansible_navigator.main' tzdata==2023.3 /home/iac-admin/.local/lib/python3.9/site-packages/tzdata/__init__.py
2023-12-25T03:13:35.310619+00:00 DEBUG 'ansible_navigator.main' urllib3==2.1.0 /usr/local/lib/python3.9/site-packages/urllib3/__init__.py
2023-12-25T03:13:35.310644+00:00 DEBUG 'ansible_navigator.main' wcmatch==8.5 /home/iac-admin/.local/lib/python3.9/site-packages/wcmatch/__init__.py
2023-12-25T03:13:35.310671+00:00 DEBUG 'ansible_navigator.main' websocket-client==0.59.0 
2023-12-25T03:13:35.310696+00:00 DEBUG 'ansible_navigator.main' yamllint==1.33.0 /home/iac-admin/.local/lib/python3.9/site-packages/yamllint/__init__.py
2023-12-25T03:13:35.310721+00:00 DEBUG 'ansible_navigator.main' zipp==3.17.0 /home/iac-admin/.local/lib/python3.9/site-packages/zipp/__init__.py
2023-12-25T03:13:35.310746+00:00 DEBUG 'ansible_navigator.main' Default collection_doc_cache_path set to: /home/iac-admin/.cache/ansible-navigator/collection_doc_cache.db
2023-12-25T03:13:35.310772+00:00 DEBUG 'ansible_navigator.main' EDITOR environment variable not set
2023-12-25T03:13:35.310797+00:00 DEBUG 'ansible_navigator.main' Default editor_command set to: vi +{line_number} {filename}
2023-12-25T03:13:35.310822+00:00 DEBUG 'ansible_navigator.main' No config file set by ANSIBLE_NAVIGATOR_CONFIG
2023-12-25T03:13:35.310848+00:00 DEBUG 'ansible_navigator.main' Looking in /home/iac-admin
2023-12-25T03:13:35.310873+00:00 DEBUG 'ansible_navigator.main' Looking for '/home/iac-admin/.ansible-navigator.yml', '/home/iac-admin/.ansible-navigator.yaml' and '/home/iac-admin/.ansible-navigator.json'
2023-12-25T03:13:35.310899+00:00 DEBUG 'ansible_navigator.main' Found 0: 
2023-12-25T03:13:35.310924+00:00 DEBUG 'ansible_navigator.main' Looking in /home/iac-admin/iac-labs/inventory
2023-12-25T03:13:35.310949+00:00 DEBUG 'ansible_navigator.main' Looking for '/home/iac-admin/iac-labs/inventory/ansible-navigator.yml', '/home/iac-admin/iac-labs/inventory/ansible-navigator.yaml' and '/home/iac-admin/iac-labs/inventory/ansible-navigator.json'
2023-12-25T03:13:35.310975+00:00 DEBUG 'ansible_navigator.main' Found 0: 
2023-12-25T03:13:35.311001+00:00 DEBUG 'ansible_navigator.main' All found 0: 
2023-12-25T03:13:35.311026+00:00 DEBUG 'ansible_navigator.main' Using: None
2023-12-25T03:13:35.311051+00:00 DEBUG 'ansible_navigator.main' No valid settings file found, using all default values for settings.
2023-12-25T03:13:35.311076+00:00 DEBUG 'ansible_navigator.main' Command provided: 'inventory --list -m stdout'
2023-12-25T03:13:35.311100+00:00 DEBUG 'ansible_navigator.main' EE support enabled: using current working directory for 'ansible.cfg'
2023-12-25T03:13:35.311126+00:00 INFO 'ansible_navigator.main' EE support enabled: no 'ansible.cfg' found in current working directory. Tried /home/iac-admin/iac-labs/inventory/ansible.cfg
2023-12-25T03:13:35.311150+00:00 DEBUG 'ansible_navigator.main' Completed post processing for ansible_runner_artifact_dir. (changed=False)
2023-12-25T03:13:35.311175+00:00 DEBUG 'ansible_navigator.main' Completed post processing for ansible_runner_rotate_artifacts_count. (changed=False)
2023-12-25T03:13:35.311203+00:00 DEBUG 'ansible_navigator.main' Completed post processing for ansible_runner_timeout. (changed=False)
2023-12-25T03:13:35.311229+00:00 DEBUG 'ansible_navigator.main' Completed post processing for cmdline. (changed=False)
2023-12-25T03:13:35.311254+00:00 DEBUG 'ansible_navigator.main' Completed post processing for collection_doc_cache_path. (changed=False)
2023-12-25T03:13:35.311279+00:00 DEBUG 'ansible_navigator.main' Completed post processing for container_engine. (changed=True)
2023-12-25T03:13:35.311304+00:00 DEBUG 'ansible_navigator.main'  before: 'auto'
2023-12-25T03:13:35.311330+00:00 DEBUG 'ansible_navigator.main'  after: 'podman'
2023-12-25T03:13:35.311355+00:00 DEBUG 'ansible_navigator.main' Completed post processing for container_options. (changed=False)
2023-12-25T03:13:35.311380+00:00 DEBUG 'ansible_navigator.main' Completed post processing for display_color. (changed=False)
2023-12-25T03:13:35.311405+00:00 DEBUG 'ansible_navigator.main' Completed post processing for enable_prompts. (changed=False)
2023-12-25T03:13:35.311430+00:00 DEBUG 'ansible_navigator.main' Completed post processing for execution_environment. (changed=False)
2023-12-25T03:13:35.311455+00:00 DEBUG 'ansible_navigator.main' Completed post processing for execution_environment_image. (changed=False)
2023-12-25T03:13:35.311515+00:00 DEBUG 'ansible_navigator.main' Completed post processing for help_builder. (changed=False)
2023-12-25T03:13:35.311546+00:00 DEBUG 'ansible_navigator.main' Completed post processing for help_config. (changed=False)
2023-12-25T03:13:35.311573+00:00 DEBUG 'ansible_navigator.main' Completed post processing for help_doc. (changed=False)
2023-12-25T03:13:35.311600+00:00 DEBUG 'ansible_navigator.main' Completed post processing for help_inventory. (changed=False)
2023-12-25T03:13:35.311626+00:00 DEBUG 'ansible_navigator.main' Completed post processing for help_playbook. (changed=False)
2023-12-25T03:13:35.311651+00:00 DEBUG 'ansible_navigator.main' Completed post processing for images_details. (changed=False)
2023-12-25T03:13:35.311677+00:00 DEBUG 'ansible_navigator.main' Completed post processing for inventory. (changed=False)
2023-12-25T03:13:35.311702+00:00 DEBUG 'ansible_navigator.main' Completed post processing for inventory_column. (changed=False)
2023-12-25T03:13:35.311728+00:00 DEBUG 'ansible_navigator.main' Completed post processing for log_file. (changed=False)
2023-12-25T03:13:35.311753+00:00 DEBUG 'ansible_navigator.main' Completed post processing for pass_environment_variable. (changed=False)
2023-12-25T03:13:35.311778+00:00 DEBUG 'ansible_navigator.main' Completed post processing for playbook. (changed=False)
2023-12-25T03:13:35.311803+00:00 DEBUG 'ansible_navigator.main' Completed post processing for playbook_artifact_replay. (changed=False)
2023-12-25T03:13:35.311829+00:00 DEBUG 'ansible_navigator.main' Completed post processing for playbook_artifact_save_as. (changed=False)
2023-12-25T03:13:35.311854+00:00 DEBUG 'ansible_navigator.main' Completed post processing for plugin_name. (changed=False)
2023-12-25T03:13:35.311879+00:00 DEBUG 'ansible_navigator.main' Completed post processing for pull_arguments. (changed=False)
2023-12-25T03:13:35.311904+00:00 DEBUG 'ansible_navigator.main' Completed post processing for set_environment_variable. (changed=False)
2023-12-25T03:13:35.311930+00:00 DEBUG 'ansible_navigator.main' Completed post processing for settings_effective. (changed=False)
2023-12-25T03:13:35.311955+00:00 DEBUG 'ansible_navigator.main' Completed post processing for settings_sample. (changed=False)
2023-12-25T03:13:35.311980+00:00 DEBUG 'ansible_navigator.main' Completed post processing for settings_schema. (changed=False)
2023-12-25T03:13:35.312005+00:00 DEBUG 'ansible_navigator.main' Completed post processing for settings_sources. (changed=False)
2023-12-25T03:13:35.312030+00:00 DEBUG 'ansible_navigator.main' Completed post processing for time_zone. (changed=False)
2023-12-25T03:13:35.312055+00:00 DEBUG 'ansible_navigator.main' Completed post processing for execution_environment_volume_mounts. (changed=False)
2023-12-25T03:13:35.312087+00:00 DEBUG 'ansible_navigator.main' Completed post processing for mode. (changed=False)
2023-12-25T03:13:35.312114+00:00 DEBUG 'ansible_navigator.main' Completed post processing for playbook_artifact_enable. (changed=False)
2023-12-25T03:13:35.312143+00:00 WARNING 'ansible_navigator.main' Configuration errors encountered, rolling back to previous configuration.
2023-12-25T03:13:35.312170+00:00 DEBUG 'ansible_navigator.main' Prior to rollback: ansible_runner_artifact_dir = 'Not set' (Constants/Not set)
2023-12-25T03:13:35.312196+00:00 DEBUG 'ansible_navigator.main' Prior to rollback: ansible_runner_rotate_artifacts_count = 'Not set' (Constants/Not set)
2023-12-25T03:13:35.312221+00:00 DEBUG 'ansible_navigator.main' Prior to rollback: ansible_runner_timeout = 'Not set' (Constants/Not set)
2023-12-25T03:13:35.312246+00:00 DEBUG 'ansible_navigator.main' Prior to rollback: ansible_runner_write_job_events = 'False' (bool/Defaults)
2023-12-25T03:13:35.312272+00:00 DEBUG 'ansible_navigator.main' Prior to rollback: app = 'inventory' (str/Command line)
2023-12-25T03:13:35.312297+00:00 DEBUG 'ansible_navigator.main' Prior to rollback: cmdline = '['--list']' (list/Command line)
2023-12-25T03:13:35.312322+00:00 DEBUG 'ansible_navigator.main' Prior to rollback: collection_doc_cache_path = '/home/iac-admin/.cache/ansible-navigator/collection_doc_cache.db' (str/Defaults)
2023-12-25T03:13:35.312347+00:00 DEBUG 'ansible_navigator.main' Prior to rollback: config = 'Not set' (Constants/Not set)
2023-12-25T03:13:35.312372+00:00 DEBUG 'ansible_navigator.main' Prior to rollback: container_engine = 'podman' (str/Automatically determined)
2023-12-25T03:13:35.312397+00:00 DEBUG 'ansible_navigator.main' Prior to rollback: container_options = 'Not set' (Constants/Not set)
2023-12-25T03:13:35.312422+00:00 DEBUG 'ansible_navigator.main' Prior to rollback: display_color = 'True' (bool/Defaults)
2023-12-25T03:13:35.312448+00:00 DEBUG 'ansible_navigator.main' Prior to rollback: editor_command = 'vi +{line_number} {filename}' (str/Defaults)
2023-12-25T03:13:35.312497+00:00 DEBUG 'ansible_navigator.main' Prior to rollback: editor_console = 'True' (bool/Defaults)
2023-12-25T03:13:35.312531+00:00 DEBUG 'ansible_navigator.main' Prior to rollback: enable_prompts = 'False' (bool/Defaults)
2023-12-25T03:13:35.312557+00:00 DEBUG 'ansible_navigator.main' Prior to rollback: exec_command = '/bin/bash' (str/Defaults)
2023-12-25T03:13:35.312583+00:00 DEBUG 'ansible_navigator.main' Prior to rollback: exec_shell = 'True' (bool/Defaults)
2023-12-25T03:13:35.312609+00:00 DEBUG 'ansible_navigator.main' Prior to rollback: execution_environment = 'True' (bool/Defaults)
2023-12-25T03:13:35.312635+00:00 DEBUG 'ansible_navigator.main' Prior to rollback: execution_environment_image = 'ghcr.io/ansible/creator-ee:v0.20.0' (str/Defaults)
2023-12-25T03:13:35.312660+00:00 DEBUG 'ansible_navigator.main' Prior to rollback: execution_environment_volume_mounts = 'Not set' (Constants/Not set)
2023-12-25T03:13:35.312685+00:00 DEBUG 'ansible_navigator.main' Prior to rollback: format = 'yaml' (str/Defaults)
2023-12-25T03:13:35.312710+00:00 DEBUG 'ansible_navigator.main' Prior to rollback: help_builder = 'False' (bool/Defaults)
2023-12-25T03:13:35.312736+00:00 DEBUG 'ansible_navigator.main' Prior to rollback: help_config = 'False' (bool/Defaults)
2023-12-25T03:13:35.312761+00:00 DEBUG 'ansible_navigator.main' Prior to rollback: help_doc = 'False' (bool/Defaults)
2023-12-25T03:13:35.312786+00:00 DEBUG 'ansible_navigator.main' Prior to rollback: help_inventory = 'False' (bool/Defaults)
2023-12-25T03:13:35.312811+00:00 DEBUG 'ansible_navigator.main' Prior to rollback: help_playbook = 'False' (bool/Defaults)
2023-12-25T03:13:35.312836+00:00 DEBUG 'ansible_navigator.main' Prior to rollback: images_details = '['everything']' (list/Defaults)
2023-12-25T03:13:35.312861+00:00 DEBUG 'ansible_navigator.main' Prior to rollback: inventory = 'Not set' (Constants/Not set)
2023-12-25T03:13:35.312886+00:00 DEBUG 'ansible_navigator.main' Prior to rollback: inventory_column = 'Not set' (Constants/Not set)
2023-12-25T03:13:35.312915+00:00 DEBUG 'ansible_navigator.main' Prior to rollback: lint_config = 'Not set' (Constants/Not set)
2023-12-25T03:13:35.312940+00:00 DEBUG 'ansible_navigator.main' Prior to rollback: lintables = 'Not set' (Constants/Not set)
2023-12-25T03:13:35.312966+00:00 DEBUG 'ansible_navigator.main' Prior to rollback: log_append = 'True' (bool/Defaults)
2023-12-25T03:13:35.312991+00:00 DEBUG 'ansible_navigator.main' Prior to rollback: log_file = '/home/iac-admin/iac-labs/inventory/ansible-navigator.log' (str/Defaults)
2023-12-25T03:13:35.313017+00:00 DEBUG 'ansible_navigator.main' Prior to rollback: log_level = 'warning' (str/Defaults)
2023-12-25T03:13:35.313042+00:00 DEBUG 'ansible_navigator.main' Prior to rollback: mode = 'stdout' (str/Command line)
2023-12-25T03:13:35.313067+00:00 DEBUG 'ansible_navigator.main' Prior to rollback: osc4 = 'True' (bool/Defaults)
2023-12-25T03:13:35.313093+00:00 DEBUG 'ansible_navigator.main' Prior to rollback: pass_environment_variable = 'Not set' (Constants/Not set)
2023-12-25T03:13:35.313118+00:00 DEBUG 'ansible_navigator.main' Prior to rollback: playbook = 'Not set' (Constants/Not set)
2023-12-25T03:13:35.313143+00:00 DEBUG 'ansible_navigator.main' Prior to rollback: playbook_artifact_enable = 'True' (bool/Defaults)
2023-12-25T03:13:35.313168+00:00 DEBUG 'ansible_navigator.main' Prior to rollback: playbook_artifact_replay = 'Not set' (Constants/Not set)
2023-12-25T03:13:35.313193+00:00 DEBUG 'ansible_navigator.main' Prior to rollback: playbook_artifact_save_as = '{playbook_dir}/{playbook_name}-artifact-{time_stamp}.json' (str/Defaults)
2023-12-25T03:13:35.313218+00:00 DEBUG 'ansible_navigator.main' Prior to rollback: plugin_name = 'Not set' (Constants/Not set)
2023-12-25T03:13:35.313244+00:00 DEBUG 'ansible_navigator.main' Prior to rollback: plugin_type = 'module' (str/Defaults)
2023-12-25T03:13:35.313269+00:00 DEBUG 'ansible_navigator.main' Prior to rollback: pull_arguments = 'Not set' (Constants/Not set)
2023-12-25T03:13:35.313294+00:00 DEBUG 'ansible_navigator.main' Prior to rollback: pull_policy = 'tag' (str/Defaults)
2023-12-25T03:13:35.313319+00:00 DEBUG 'ansible_navigator.main' Prior to rollback: set_environment_variable = 'Not set' (Constants/Not set)
2023-12-25T03:13:35.313344+00:00 DEBUG 'ansible_navigator.main' Prior to rollback: settings_effective = 'False' (bool/Defaults)
2023-12-25T03:13:35.313369+00:00 DEBUG 'ansible_navigator.main' Prior to rollback: settings_sample = 'False' (bool/Defaults)
2023-12-25T03:13:35.313394+00:00 DEBUG 'ansible_navigator.main' Prior to rollback: settings_schema = 'json' (str/Defaults)
2023-12-25T03:13:35.313419+00:00 DEBUG 'ansible_navigator.main' Prior to rollback: settings_sources = 'False' (bool/Defaults)
2023-12-25T03:13:35.313444+00:00 DEBUG 'ansible_navigator.main' Prior to rollback: time_zone = 'UTC' (str/Defaults)
2023-12-25T03:13:35.313497+00:00 DEBUG 'ansible_navigator.main' Prior to rollback: workdir = '/home/iac-admin/iac-labs/inventory' (str/Defaults)
2023-12-25T03:13:35.313531+00:00 DEBUG 'ansible_navigator.main' After rollback: ansible_runner_artifact_dir = 'Not set' (Constants/Not set)
2023-12-25T03:13:35.313559+00:00 DEBUG 'ansible_navigator.main' After rollback: ansible_runner_rotate_artifacts_count = 'Not set' (Constants/Not set)
2023-12-25T03:13:35.313585+00:00 DEBUG 'ansible_navigator.main' After rollback: ansible_runner_timeout = 'Not set' (Constants/Not set)
2023-12-25T03:13:35.313612+00:00 DEBUG 'ansible_navigator.main' After rollback: ansible_runner_write_job_events = 'Not set' (Constants/Not set)
2023-12-25T03:13:35.313637+00:00 DEBUG 'ansible_navigator.main' After rollback: app = 'Not set' (Constants/Not set)
2023-12-25T03:13:35.313663+00:00 DEBUG 'ansible_navigator.main' After rollback: cmdline = 'Not set' (Constants/Not set)
2023-12-25T03:13:35.313689+00:00 DEBUG 'ansible_navigator.main' After rollback: collection_doc_cache_path = 'Not set' (Constants/Not set)
2023-12-25T03:13:35.313714+00:00 DEBUG 'ansible_navigator.main' After rollback: config = 'Not set' (Constants/Not set)
2023-12-25T03:13:35.313742+00:00 DEBUG 'ansible_navigator.main' After rollback: container_engine = 'Not set' (Constants/Not set)
2023-12-25T03:13:35.313768+00:00 DEBUG 'ansible_navigator.main' After rollback: container_options = 'Not set' (Constants/Not set)
2023-12-25T03:13:35.313794+00:00 DEBUG 'ansible_navigator.main' After rollback: display_color = 'Not set' (Constants/Not set)
2023-12-25T03:13:35.313820+00:00 DEBUG 'ansible_navigator.main' After rollback: editor_command = 'Not set' (Constants/Not set)
2023-12-25T03:13:35.313845+00:00 DEBUG 'ansible_navigator.main' After rollback: editor_console = 'Not set' (Constants/Not set)
2023-12-25T03:13:35.313871+00:00 DEBUG 'ansible_navigator.main' After rollback: enable_prompts = 'Not set' (Constants/Not set)
2023-12-25T03:13:35.313897+00:00 DEBUG 'ansible_navigator.main' After rollback: exec_command = 'Not set' (Constants/Not set)
2023-12-25T03:13:35.313922+00:00 DEBUG 'ansible_navigator.main' After rollback: exec_shell = 'Not set' (Constants/Not set)
2023-12-25T03:13:35.313947+00:00 DEBUG 'ansible_navigator.main' After rollback: execution_environment = 'Not set' (Constants/Not set)
2023-12-25T03:13:35.313972+00:00 DEBUG 'ansible_navigator.main' After rollback: execution_environment_image = 'Not set' (Constants/Not set)
2023-12-25T03:13:35.313998+00:00 DEBUG 'ansible_navigator.main' After rollback: execution_environment_volume_mounts = 'Not set' (Constants/Not set)
2023-12-25T03:13:35.314023+00:00 DEBUG 'ansible_navigator.main' After rollback: format = 'Not set' (Constants/Not set)
2023-12-25T03:13:35.314049+00:00 DEBUG 'ansible_navigator.main' After rollback: help_builder = 'Not set' (Constants/Not set)
2023-12-25T03:13:35.314074+00:00 DEBUG 'ansible_navigator.main' After rollback: help_config = 'Not set' (Constants/Not set)
2023-12-25T03:13:35.314099+00:00 DEBUG 'ansible_navigator.main' After rollback: help_doc = 'Not set' (Constants/Not set)
2023-12-25T03:13:35.314124+00:00 DEBUG 'ansible_navigator.main' After rollback: help_inventory = 'Not set' (Constants/Not set)
2023-12-25T03:13:35.314148+00:00 DEBUG 'ansible_navigator.main' After rollback: help_playbook = 'Not set' (Constants/Not set)
2023-12-25T03:13:35.314173+00:00 DEBUG 'ansible_navigator.main' After rollback: images_details = 'Not set' (Constants/Not set)
2023-12-25T03:13:35.314198+00:00 DEBUG 'ansible_navigator.main' After rollback: inventory = 'Not set' (Constants/Not set)
2023-12-25T03:13:35.314224+00:00 DEBUG 'ansible_navigator.main' After rollback: inventory_column = 'Not set' (Constants/Not set)
2023-12-25T03:13:35.314249+00:00 DEBUG 'ansible_navigator.main' After rollback: lint_config = 'Not set' (Constants/Not set)
2023-12-25T03:13:35.314274+00:00 DEBUG 'ansible_navigator.main' After rollback: lintables = 'Not set' (Constants/Not set)
2023-12-25T03:13:35.314298+00:00 DEBUG 'ansible_navigator.main' After rollback: log_append = 'Not set' (Constants/Not set)
2023-12-25T03:13:35.314323+00:00 DEBUG 'ansible_navigator.main' After rollback: log_file = 'Not set' (Constants/Not set)
2023-12-25T03:13:35.314348+00:00 DEBUG 'ansible_navigator.main' After rollback: log_level = 'Not set' (Constants/Not set)
2023-12-25T03:13:35.314373+00:00 DEBUG 'ansible_navigator.main' After rollback: mode = 'Not set' (Constants/Not set)
2023-12-25T03:13:35.314398+00:00 DEBUG 'ansible_navigator.main' After rollback: osc4 = 'Not set' (Constants/Not set)
2023-12-25T03:13:35.314423+00:00 DEBUG 'ansible_navigator.main' After rollback: pass_environment_variable = 'Not set' (Constants/Not set)
2023-12-25T03:13:35.314448+00:00 DEBUG 'ansible_navigator.main' After rollback: playbook = 'Not set' (Constants/Not set)
2023-12-25T03:13:35.314494+00:00 DEBUG 'ansible_navigator.main' After rollback: playbook_artifact_enable = 'Not set' (Constants/Not set)
2023-12-25T03:13:35.314527+00:00 DEBUG 'ansible_navigator.main' After rollback: playbook_artifact_replay = 'Not set' (Constants/Not set)
2023-12-25T03:13:35.314553+00:00 DEBUG 'ansible_navigator.main' After rollback: playbook_artifact_save_as = 'Not set' (Constants/Not set)
2023-12-25T03:13:35.314583+00:00 DEBUG 'ansible_navigator.main' After rollback: plugin_name = 'Not set' (Constants/Not set)
2023-12-25T03:13:35.314610+00:00 DEBUG 'ansible_navigator.main' After rollback: plugin_type = 'Not set' (Constants/Not set)
2023-12-25T03:13:35.314636+00:00 DEBUG 'ansible_navigator.main' After rollback: pull_arguments = 'Not set' (Constants/Not set)
2023-12-25T03:13:35.314662+00:00 DEBUG 'ansible_navigator.main' After rollback: pull_policy = 'Not set' (Constants/Not set)
2023-12-25T03:13:35.314687+00:00 DEBUG 'ansible_navigator.main' After rollback: set_environment_variable = 'Not set' (Constants/Not set)
2023-12-25T03:13:35.314712+00:00 DEBUG 'ansible_navigator.main' After rollback: settings_effective = 'Not set' (Constants/Not set)
2023-12-25T03:13:35.314737+00:00 DEBUG 'ansible_navigator.main' After rollback: settings_sample = 'Not set' (Constants/Not set)
2023-12-25T03:13:35.314763+00:00 DEBUG 'ansible_navigator.main' After rollback: settings_schema = 'Not set' (Constants/Not set)
2023-12-25T03:13:35.314788+00:00 DEBUG 'ansible_navigator.main' After rollback: settings_sources = 'Not set' (Constants/Not set)
2023-12-25T03:13:35.314813+00:00 DEBUG 'ansible_navigator.main' After rollback: time_zone = 'Not set' (Constants/Not set)
2023-12-25T03:13:35.314838+00:00 DEBUG 'ansible_navigator.main' After rollback: workdir = 'Not set' (Constants/Not set)
2023-12-25T03:13:35.314863+00:00 DEBUG 'ansible_navigator.main' Configuration rollback complete.
2023-12-25T03:13:35.314888+00:00 DEBUG 'ansible_navigator.main' Collection doc cache not mounted
2023-12-25T03:13:35.314923+00:00 WARNING 'ansible_navigator.main' Issues were found while applying the settings.
2023-12-25T03:13:35.314953+00:00 INFO 'ansible_navigator.main' Command provided: 'inventory --list -m stdout'
2023-12-25T03:13:35.314986+00:00 ERROR 'ansible_navigator.main' An inventory is required when using the inventory subcommand
2023-12-25T03:13:35.315015+00:00 INFO 'ansible_navigator.main' Try again with '-i <path to inventory>'
2023-12-25T03:13:35.315044+00:00 INFO 'ansible_navigator.main' Configuration failed, using default log file location. (/home/iac-admin/iac-labs/inventory/ansible-navigator.log) Log level set to debug
2023-12-25T03:13:35.315073+00:00 INFO 'ansible_navigator.main' Review the hints and log file to see what went wrong.
