2023-12-25T03:08:34.958119+00:00 INFO 'ansible_navigator.setup_logger' New ansible-navigator instance, logging initialized
2023-12-25T03:08:34.959111+00:00 INFO 'ansible_navigator.setup_logger' New ansible-runner instance, logging initialized
2023-12-25T03:08:34.959177+00:00 DEBUG 'ansible_navigator.main' Jinja2==3.1.2 
2023-12-25T03:08:34.959210+00:00 DEBUG 'ansible_navigator.main' MarkupSafe==2.1.3 
2023-12-25T03:08:34.959240+00:00 DEBUG 'ansible_navigator.main' Parsley==1.3 
2023-12-25T03:08:34.959269+00:00 DEBUG 'ansible_navigator.main' PyNaCl==1.5.0 
2023-12-25T03:08:34.959296+00:00 DEBUG 'ansible_navigator.main' PyYAML==5.4.1 
2023-12-25T03:08:34.959323+00:00 DEBUG 'ansible_navigator.main' Pygments==2.17.2 
2023-12-25T03:08:34.959350+00:00 DEBUG 'ansible_navigator.main' ansible-builder==3.0.0 
2023-12-25T03:08:34.959376+00:00 DEBUG 'ansible_navigator.main' ansible-compat==4.1.10 
2023-12-25T03:08:34.959403+00:00 DEBUG 'ansible_navigator.main' ansible-core==2.14.9 
2023-12-25T03:08:34.959431+00:00 DEBUG 'ansible_navigator.main' ansible-lint==6.22.1 
2023-12-25T03:08:34.959458+00:00 DEBUG 'ansible_navigator.main' ansible-navigator==3.5.0 
2023-12-25T03:08:34.959517+00:00 DEBUG 'ansible_navigator.main' ansible-runner==2.3.4 
2023-12-25T03:08:34.959547+00:00 DEBUG 'ansible_navigator.main' ansible==7.7.0 /usr/lib/python3.9/site-packages/ansible/__init__.py
2023-12-25T03:08:34.959575+00:00 DEBUG 'ansible_navigator.main' attrs==23.1.0 /usr/local/lib/python3.9/site-packages/attrs/__init__.py
2023-12-25T03:08:34.959602+00:00 DEBUG 'ansible_navigator.main' bcrypt==4.1.2 /usr/local/lib64/python3.9/site-packages/bcrypt/__init__.py
2023-12-25T03:08:34.959628+00:00 DEBUG 'ansible_navigator.main' bindep==2.11.0 /home/iac-admin/.local/lib/python3.9/site-packages/bindep/__init__.py
2023-12-25T03:08:34.959655+00:00 DEBUG 'ansible_navigator.main' black==23.12.1 /home/iac-admin/.local/lib/python3.9/site-packages/black/__init__.cpython-39-x86_64-linux-gnu.so
2023-12-25T03:08:34.959681+00:00 DEBUG 'ansible_navigator.main' bracex==2.4 /home/iac-admin/.local/lib/python3.9/site-packages/bracex/__init__.py
2023-12-25T03:08:34.959707+00:00 DEBUG 'ansible_navigator.main' certifi==2023.11.17 /usr/local/lib/python3.9/site-packages/certifi/__init__.py
2023-12-25T03:08:34.959733+00:00 DEBUG 'ansible_navigator.main' cffi==1.14.5 /usr/lib64/python3.9/site-packages/cffi/__init__.py
2023-12-25T03:08:34.959759+00:00 DEBUG 'ansible_navigator.main' charset-normalizer==3.3.2 
2023-12-25T03:08:34.959785+00:00 DEBUG 'ansible_navigator.main' click==8.1.7 /home/iac-admin/.local/lib/python3.9/site-packages/click/__init__.py
2023-12-25T03:08:34.959812+00:00 DEBUG 'ansible_navigator.main' cryptography==36.0.1 /usr/lib64/python3.9/site-packages/cryptography/__init__.py
2023-12-25T03:08:34.959837+00:00 DEBUG 'ansible_navigator.main' dbus-python==1.2.18 
2023-12-25T03:08:34.959864+00:00 DEBUG 'ansible_navigator.main' distro==1.9.0 /home/iac-admin/.local/lib/python3.9/site-packages/distro/__init__.py
2023-12-25T03:08:34.959889+00:00 DEBUG 'ansible_navigator.main' docker-compose==1.29.2 
2023-12-25T03:08:34.959916+00:00 DEBUG 'ansible_navigator.main' docker==6.1.3 /usr/local/lib/python3.9/site-packages/docker/__init__.py
2023-12-25T03:08:34.959942+00:00 DEBUG 'ansible_navigator.main' dockerpty==0.4.1 /usr/local/lib/python3.9/site-packages/dockerpty/__init__.py
2023-12-25T03:08:34.959968+00:00 DEBUG 'ansible_navigator.main' docopt==0.6.2 /usr/local/lib/python3.9/site-packages/docopt.py
2023-12-25T03:08:34.959995+00:00 DEBUG 'ansible_navigator.main' docutils==0.20.1 /home/iac-admin/.local/lib/python3.9/site-packages/docutils/__init__.py
2023-12-25T03:08:34.960021+00:00 DEBUG 'ansible_navigator.main' filelock==3.13.1 /home/iac-admin/.local/lib/python3.9/site-packages/filelock/__init__.py
2023-12-25T03:08:34.960047+00:00 DEBUG 'ansible_navigator.main' idna==3.6 /usr/local/lib/python3.9/site-packages/idna/__init__.py
2023-12-25T03:08:34.960073+00:00 DEBUG 'ansible_navigator.main' importlib-metadata==6.2.1 
2023-12-25T03:08:34.960100+00:00 DEBUG 'ansible_navigator.main' jsonschema-specifications==2023.11.2 
2023-12-25T03:08:34.960132+00:00 DEBUG 'ansible_navigator.main' jsonschema==4.20.0 /home/iac-admin/.local/lib/python3.9/site-packages/jsonschema/__init__.py
2023-12-25T03:08:34.960159+00:00 DEBUG 'ansible_navigator.main' lockfile==0.12.2 /home/iac-admin/.local/lib/python3.9/site-packages/lockfile/__init__.py
2023-12-25T03:08:34.960185+00:00 DEBUG 'ansible_navigator.main' markdown-it-py==3.0.0 
2023-12-25T03:08:34.960211+00:00 DEBUG 'ansible_navigator.main' mdurl==0.1.2 /home/iac-admin/.local/lib/python3.9/site-packages/mdurl/__init__.py
2023-12-25T03:08:34.960238+00:00 DEBUG 'ansible_navigator.main' mypy-extensions==1.0.0 
2023-12-25T03:08:34.960264+00:00 DEBUG 'ansible_navigator.main' onigurumacffi==1.3.0 /home/iac-admin/.local/lib/python3.9/site-packages/onigurumacffi.py
2023-12-25T03:08:34.960289+00:00 DEBUG 'ansible_navigator.main' packaging==23.2 /home/iac-admin/.local/lib/python3.9/site-packages/packaging/__init__.py
2023-12-25T03:08:34.960315+00:00 DEBUG 'ansible_navigator.main' paramiko==3.4.0 /usr/local/lib/python3.9/site-packages/paramiko/__init__.py
2023-12-25T03:08:34.960341+00:00 DEBUG 'ansible_navigator.main' pathspec==0.12.1 /home/iac-admin/.local/lib/python3.9/site-packages/pathspec/__init__.py
2023-12-25T03:08:34.960367+00:00 DEBUG 'ansible_navigator.main' pbr==6.0.0 /home/iac-admin/.local/lib/python3.9/site-packages/pbr/__init__.py
2023-12-25T03:08:34.960393+00:00 DEBUG 'ansible_navigator.main' pexpect==4.9.0 /home/iac-admin/.local/lib/python3.9/site-packages/pexpect/__init__.py
2023-12-25T03:08:34.960419+00:00 DEBUG 'ansible_navigator.main' pip==23.3.2 /usr/local/lib/python3.9/site-packages/pip/__init__.py
2023-12-25T03:08:34.960445+00:00 DEBUG 'ansible_navigator.main' platformdirs==4.1.0 /home/iac-admin/.local/lib/python3.9/site-packages/platformdirs/__init__.py
2023-12-25T03:08:34.960502+00:00 DEBUG 'ansible_navigator.main' ply==3.11 /usr/lib/python3.9/site-packages/ply/__init__.py
2023-12-25T03:08:34.960537+00:00 DEBUG 'ansible_navigator.main' ptyprocess==0.7.0 /home/iac-admin/.local/lib/python3.9/site-packages/ptyprocess/__init__.py
2023-12-25T03:08:34.960564+00:00 DEBUG 'ansible_navigator.main' pycparser==2.20 /usr/lib/python3.9/site-packages/pycparser/__init__.py
2023-12-25T03:08:34.960588+00:00 DEBUG 'ansible_navigator.main' pyparsing==2.4.7 /usr/lib/python3.9/site-packages/pyparsing.py
2023-12-25T03:08:34.960614+00:00 DEBUG 'ansible_navigator.main' pyrsistent==0.20.0 /usr/local/lib64/python3.9/site-packages/pyrsistent/__init__.py
2023-12-25T03:08:34.960643+00:00 DEBUG 'ansible_navigator.main' python-daemon==3.0.1 
2023-12-25T03:08:34.960673+00:00 DEBUG 'ansible_navigator.main' python-dateutil==2.8.1 
2023-12-25T03:08:34.960698+00:00 DEBUG 'ansible_navigator.main' python-dotenv==0.21.1 
2023-12-25T03:08:34.960723+00:00 DEBUG 'ansible_navigator.main' referencing==0.32.0 /home/iac-admin/.local/lib/python3.9/site-packages/referencing/__init__.py
2023-12-25T03:08:34.960828+00:00 DEBUG 'ansible_navigator.main' requests==2.31.0 /usr/local/lib/python3.9/site-packages/requests/__init__.py
2023-12-25T03:08:34.960864+00:00 DEBUG 'ansible_navigator.main' requirements-parser==0.5.0 
2023-12-25T03:08:34.960891+00:00 DEBUG 'ansible_navigator.main' resolvelib==0.5.4 /usr/lib/python3.9/site-packages/resolvelib/__init__.py
2023-12-25T03:08:34.960916+00:00 DEBUG 'ansible_navigator.main' rich==13.7.0 /home/iac-admin/.local/lib/python3.9/site-packages/rich/__init__.py
2023-12-25T03:08:34.960941+00:00 DEBUG 'ansible_navigator.main' rpds-py==0.15.2 
2023-12-25T03:08:34.960970+00:00 DEBUG 'ansible_navigator.main' ruamel.yaml.clib==0.2.8 
2023-12-25T03:08:34.961001+00:00 DEBUG 'ansible_navigator.main' ruamel.yaml==0.18.5 /home/iac-admin/.local/lib/python3.9/site-packages/ruamel/yaml/__init__.py
2023-12-25T03:08:34.961029+00:00 DEBUG 'ansible_navigator.main' selinux==3.5 /usr/lib64/python3.9/site-packages/selinux/__init__.py
2023-12-25T03:08:34.961057+00:00 DEBUG 'ansible_navigator.main' sepolicy==3.5 /usr/lib/python3.9/site-packages/sepolicy/__init__.py
2023-12-25T03:08:34.961084+00:00 DEBUG 'ansible_navigator.main' setools==4.4.3 /usr/lib64/python3.9/site-packages/setools/__init__.py
2023-12-25T03:08:34.961118+00:00 DEBUG 'ansible_navigator.main' setuptools==69.0.3 /home/iac-admin/.local/lib/python3.9/site-packages/setuptools/__init__.py
2023-12-25T03:08:34.961146+00:00 DEBUG 'ansible_navigator.main' six==1.15.0 /usr/lib/python3.9/site-packages/six.py
2023-12-25T03:08:34.961173+00:00 DEBUG 'ansible_navigator.main' subprocess-tee==0.4.1 
2023-12-25T03:08:34.961200+00:00 DEBUG 'ansible_navigator.main' texttable==1.7.0 /usr/local/lib/python3.9/site-packages/texttable.py
2023-12-25T03:08:34.961227+00:00 DEBUG 'ansible_navigator.main' tomli==2.0.1 /home/iac-admin/.local/lib/python3.9/site-packages/tomli/__init__.py
2023-12-25T03:08:34.961254+00:00 DEBUG 'ansible_navigator.main' types-setuptools==69.0.0.0 
2023-12-25T03:08:34.961281+00:00 DEBUG 'ansible_navigator.main' typing_extensions==4.9.0 /home/iac-admin/.local/lib/python3.9/site-packages/typing_extensions.py
2023-12-25T03:08:34.961307+00:00 DEBUG 'ansible_navigator.main' tzdata==2023.3 /home/iac-admin/.local/lib/python3.9/site-packages/tzdata/__init__.py
2023-12-25T03:08:34.961334+00:00 DEBUG 'ansible_navigator.main' urllib3==2.1.0 /usr/local/lib/python3.9/site-packages/urllib3/__init__.py
2023-12-25T03:08:34.961360+00:00 DEBUG 'ansible_navigator.main' wcmatch==8.5 /home/iac-admin/.local/lib/python3.9/site-packages/wcmatch/__init__.py
2023-12-25T03:08:34.961386+00:00 DEBUG 'ansible_navigator.main' websocket-client==0.59.0 
2023-12-25T03:08:34.961413+00:00 DEBUG 'ansible_navigator.main' yamllint==1.33.0 /home/iac-admin/.local/lib/python3.9/site-packages/yamllint/__init__.py
2023-12-25T03:08:34.961439+00:00 DEBUG 'ansible_navigator.main' zipp==3.17.0 /home/iac-admin/.local/lib/python3.9/site-packages/zipp/__init__.py
2023-12-25T03:08:34.961467+00:00 DEBUG 'ansible_navigator.main' Default collection_doc_cache_path set to: /home/iac-admin/.cache/ansible-navigator/collection_doc_cache.db
2023-12-25T03:08:34.961534+00:00 DEBUG 'ansible_navigator.main' EDITOR environment variable not set
2023-12-25T03:08:34.961562+00:00 DEBUG 'ansible_navigator.main' Default editor_command set to: vi +{line_number} {filename}
2023-12-25T03:08:34.961589+00:00 DEBUG 'ansible_navigator.main' No config file set by ANSIBLE_NAVIGATOR_CONFIG
2023-12-25T03:08:34.961615+00:00 DEBUG 'ansible_navigator.main' Looking in /home/iac-admin
2023-12-25T03:08:34.961642+00:00 DEBUG 'ansible_navigator.main' Looking for '/home/iac-admin/.ansible-navigator.yml', '/home/iac-admin/.ansible-navigator.yaml' and '/home/iac-admin/.ansible-navigator.json'
2023-12-25T03:08:34.961670+00:00 DEBUG 'ansible_navigator.main' Found 0: 
2023-12-25T03:08:34.961697+00:00 DEBUG 'ansible_navigator.main' Looking in /home/iac-admin/iac-labs
2023-12-25T03:08:34.961723+00:00 DEBUG 'ansible_navigator.main' Looking for '/home/iac-admin/iac-labs/ansible-navigator.yml', '/home/iac-admin/iac-labs/ansible-navigator.yaml' and '/home/iac-admin/iac-labs/ansible-navigator.json'
2023-12-25T03:08:34.961750+00:00 DEBUG 'ansible_navigator.main' Found 1: '/home/iac-admin/iac-labs/ansible-navigator.yaml'
2023-12-25T03:08:34.961775+00:00 DEBUG 'ansible_navigator.main' All found 1: '/home/iac-admin/iac-labs/ansible-navigator.yaml'
2023-12-25T03:08:34.961801+00:00 DEBUG 'ansible_navigator.main' Using: /home/iac-admin/iac-labs/ansible-navigator.yaml
2023-12-25T03:08:34.961827+00:00 DEBUG 'ansible_navigator.main' Using settings file at /home/iac-admin/iac-labs/ansible-navigator.yaml in search path
2023-12-25T03:08:34.961853+00:00 DEBUG 'ansible_navigator.main' Command provided: '--display-color'
2023-12-25T03:08:34.961879+00:00 DEBUG 'ansible_navigator.main' ansible-navigator.ansible-runner.artifact-dir not found in settings file
2023-12-25T03:08:34.961905+00:00 DEBUG 'ansible_navigator.main' ansible-navigator.ansible-runner.rotate-artifacts-count not found in settings file
2023-12-25T03:08:34.961931+00:00 DEBUG 'ansible_navigator.main' ansible-navigator.ansible-runner.timeout not found in settings file
2023-12-25T03:08:34.961969+00:00 DEBUG 'ansible_navigator.main' ansible-navigator.ansible-runner.job-events not found in settings file
2023-12-25T03:08:34.962003+00:00 DEBUG 'ansible_navigator.main' ansible-navigator.app not found in settings file
2023-12-25T03:08:34.962032+00:00 DEBUG 'ansible_navigator.main' ansible-navigator.ansible.cmdline not found in settings file
2023-12-25T03:08:34.962059+00:00 DEBUG 'ansible_navigator.main' ansible-navigator.collection-doc-cache-path not found in settings file
2023-12-25T03:08:34.962086+00:00 DEBUG 'ansible_navigator.main' ansible-navigator.ansible.config.path not found in settings file
2023-12-25T03:08:34.962112+00:00 DEBUG 'ansible_navigator.main' ansible-navigator.execution-environment.container-engine not found in settings file
2023-12-25T03:08:34.962138+00:00 DEBUG 'ansible_navigator.main' ansible-navigator.execution-environment.container-options not found in settings file
2023-12-25T03:08:34.962165+00:00 DEBUG 'ansible_navigator.main' ansible-navigator.editor.command not found in settings file
2023-12-25T03:08:34.962191+00:00 DEBUG 'ansible_navigator.main' ansible-navigator.editor.console not found in settings file
2023-12-25T03:08:34.962218+00:00 DEBUG 'ansible_navigator.main' ansible-navigator.enable-prompts not found in settings file
2023-12-25T03:08:34.962244+00:00 DEBUG 'ansible_navigator.main' ansible-navigator.exec.command not found in settings file
2023-12-25T03:08:34.962269+00:00 DEBUG 'ansible_navigator.main' ansible-navigator.exec.shell not found in settings file
2023-12-25T03:08:34.962295+00:00 DEBUG 'ansible_navigator.main' ansible-navigator.execution-environment.enabled not found in settings file
2023-12-25T03:08:34.962322+00:00 DEBUG 'ansible_navigator.main' ansible-navigator.execution-environment.image not found in settings file
2023-12-25T03:08:34.962347+00:00 DEBUG 'ansible_navigator.main' ansible-navigator.execution-environment.volume-mounts not found in settings file
2023-12-25T03:08:34.962373+00:00 DEBUG 'ansible_navigator.main' ansible-navigator.format not found in settings file
2023-12-25T03:08:34.962399+00:00 DEBUG 'ansible_navigator.main' ansible-navigator.ansible-builder.help not found in settings file
2023-12-25T03:08:34.962425+00:00 DEBUG 'ansible_navigator.main' ansible-navigator.ansible.config.help not found in settings file
2023-12-25T03:08:34.962452+00:00 DEBUG 'ansible_navigator.main' ansible-navigator.ansible.doc.help not found in settings file
2023-12-25T03:08:34.962515+00:00 DEBUG 'ansible_navigator.main' ansible-navigator.ansible.inventory.help not found in settings file
2023-12-25T03:08:34.962546+00:00 DEBUG 'ansible_navigator.main' ansible-navigator.ansible.playbook.help not found in settings file
2023-12-25T03:08:34.962576+00:00 DEBUG 'ansible_navigator.main' ansible-navigator.images.details not found in settings file
2023-12-25T03:08:34.962605+00:00 DEBUG 'ansible_navigator.main' ansible-navigator.inventory-columns not found in settings file
2023-12-25T03:08:34.962650+00:00 DEBUG 'ansible_navigator.main' ansible-navigator.ansible-lint.config not found in settings file
2023-12-25T03:08:34.962696+00:00 DEBUG 'ansible_navigator.main' ansible-navigator.ansible-lint.lintables not found in settings file
2023-12-25T03:08:34.962741+00:00 DEBUG 'ansible_navigator.main' ansible-navigator.logging.append not found in settings file
2023-12-25T03:08:34.962785+00:00 DEBUG 'ansible_navigator.main' ansible-navigator.logging.file not found in settings file
2023-12-25T03:08:34.962829+00:00 DEBUG 'ansible_navigator.main' ansible-navigator.logging.level not found in settings file
2023-12-25T03:08:34.962862+00:00 DEBUG 'ansible_navigator.main' ansible-navigator.mode not found in settings file
2023-12-25T03:08:34.962903+00:00 DEBUG 'ansible_navigator.main' ansible-navigator.execution-environment.environment-variables.pass not found in settings file
2023-12-25T03:08:34.962947+00:00 DEBUG 'ansible_navigator.main' ansible-navigator.ansible.playbook.path not found in settings file
2023-12-25T03:08:34.962991+00:00 DEBUG 'ansible_navigator.main' ansible-navigator.playbook-artifact.enable not found in settings file
2023-12-25T03:08:34.963030+00:00 DEBUG 'ansible_navigator.main' ansible-navigator.playbook-artifact.replay not found in settings file
2023-12-25T03:08:34.963060+00:00 DEBUG 'ansible_navigator.main' ansible-navigator.ansible.doc.plugin.name not found in settings file
2023-12-25T03:08:34.963088+00:00 DEBUG 'ansible_navigator.main' ansible-navigator.ansible.doc.plugin.type not found in settings file
2023-12-25T03:08:34.963115+00:00 DEBUG 'ansible_navigator.main' ansible-navigator.execution-environment.pull.arguments not found in settings file
2023-12-25T03:08:34.963142+00:00 DEBUG 'ansible_navigator.main' ansible-navigator.execution-environment.pull.policy not found in settings file
2023-12-25T03:08:34.963168+00:00 DEBUG 'ansible_navigator.main' ansible-navigator.execution-environment.environment-variables.set not found in settings file
2023-12-25T03:08:34.963195+00:00 DEBUG 'ansible_navigator.main' ansible-navigator.settings.effective not found in settings file
2023-12-25T03:08:34.963222+00:00 DEBUG 'ansible_navigator.main' ansible-navigator.settings.sample not found in settings file
2023-12-25T03:08:34.963249+00:00 DEBUG 'ansible_navigator.main' ansible-navigator.settings.schema not found in settings file
2023-12-25T03:08:34.963275+00:00 DEBUG 'ansible_navigator.main' ansible-navigator.settings.sources not found in settings file
2023-12-25T03:08:34.963302+00:00 DEBUG 'ansible_navigator.main' ansible-navigator.time-zone not found in settings file
2023-12-25T03:08:34.963328+00:00 DEBUG 'ansible_navigator.main' ansible-navigator.ansible-builder.workdir not found in settings file
2023-12-25T03:08:34.963360+00:00 WARNING 'ansible_navigator.main' Configuration errors encountered, rolling back to previous configuration.
2023-12-25T03:08:34.963387+00:00 DEBUG 'ansible_navigator.main' Prior to rollback: ansible_runner_artifact_dir = 'Not set' (Constants/Not set)
2023-12-25T03:08:34.963414+00:00 DEBUG 'ansible_navigator.main' Prior to rollback: ansible_runner_rotate_artifacts_count = 'Not set' (Constants/Not set)
2023-12-25T03:08:34.963440+00:00 DEBUG 'ansible_navigator.main' Prior to rollback: ansible_runner_timeout = 'Not set' (Constants/Not set)
2023-12-25T03:08:34.963467+00:00 DEBUG 'ansible_navigator.main' Prior to rollback: ansible_runner_write_job_events = 'False' (bool/Defaults)
2023-12-25T03:08:34.963528+00:00 DEBUG 'ansible_navigator.main' Prior to rollback: app = 'welcome' (str/Defaults)
2023-12-25T03:08:34.963557+00:00 DEBUG 'ansible_navigator.main' Prior to rollback: cmdline = '['--display-color']' (list/Command line)
2023-12-25T03:08:34.963584+00:00 DEBUG 'ansible_navigator.main' Prior to rollback: collection_doc_cache_path = '/home/iac-admin/.cache/ansible-navigator/collection_doc_cache.db' (str/Defaults)
2023-12-25T03:08:34.963612+00:00 DEBUG 'ansible_navigator.main' Prior to rollback: config = 'Not set' (Constants/Not set)
2023-12-25T03:08:34.963639+00:00 DEBUG 'ansible_navigator.main' Prior to rollback: container_engine = 'auto' (str/Defaults)
2023-12-25T03:08:34.963666+00:00 DEBUG 'ansible_navigator.main' Prior to rollback: container_options = 'Not set' (Constants/Not set)
2023-12-25T03:08:34.963692+00:00 DEBUG 'ansible_navigator.main' Prior to rollback: display_color = 'True' (bool/Settings file)
2023-12-25T03:08:34.963719+00:00 DEBUG 'ansible_navigator.main' Prior to rollback: editor_command = 'vi +{line_number} {filename}' (str/Defaults)
2023-12-25T03:08:34.963746+00:00 DEBUG 'ansible_navigator.main' Prior to rollback: editor_console = 'True' (bool/Defaults)
2023-12-25T03:08:34.963769+00:00 DEBUG 'ansible_navigator.main' Prior to rollback: enable_prompts = 'False' (bool/Defaults)
2023-12-25T03:08:34.963792+00:00 DEBUG 'ansible_navigator.main' Prior to rollback: exec_command = '/bin/bash' (str/Defaults)
2023-12-25T03:08:34.963815+00:00 DEBUG 'ansible_navigator.main' Prior to rollback: exec_shell = 'True' (bool/Defaults)
2023-12-25T03:08:34.963840+00:00 DEBUG 'ansible_navigator.main' Prior to rollback: execution_environment = 'True' (bool/Defaults)
2023-12-25T03:08:34.963864+00:00 DEBUG 'ansible_navigator.main' Prior to rollback: execution_environment_image = 'ghcr.io/ansible/creator-ee:v0.20.0' (str/Defaults)
2023-12-25T03:08:34.963903+00:00 DEBUG 'ansible_navigator.main' Prior to rollback: execution_environment_volume_mounts = 'Not set' (Constants/Not set)
2023-12-25T03:08:34.963931+00:00 DEBUG 'ansible_navigator.main' Prior to rollback: format = 'yaml' (str/Defaults)
2023-12-25T03:08:34.963960+00:00 DEBUG 'ansible_navigator.main' Prior to rollback: help_builder = 'False' (bool/Defaults)
2023-12-25T03:08:34.964009+00:00 DEBUG 'ansible_navigator.main' Prior to rollback: help_config = 'False' (bool/Defaults)
2023-12-25T03:08:34.964055+00:00 DEBUG 'ansible_navigator.main' Prior to rollback: help_doc = 'False' (bool/Defaults)
2023-12-25T03:08:34.964098+00:00 DEBUG 'ansible_navigator.main' Prior to rollback: help_inventory = 'False' (bool/Defaults)
2023-12-25T03:08:34.964142+00:00 DEBUG 'ansible_navigator.main' Prior to rollback: help_playbook = 'False' (bool/Defaults)
2023-12-25T03:08:34.964175+00:00 DEBUG 'ansible_navigator.main' Prior to rollback: images_details = '['everything']' (list/Defaults)
2023-12-25T03:08:34.964216+00:00 DEBUG 'ansible_navigator.main' Prior to rollback: inventory = '['/home/iac-admin/iac-labs/inventory/hosts']' (list/Settings file)
2023-12-25T03:08:34.964261+00:00 DEBUG 'ansible_navigator.main' Prior to rollback: inventory_column = 'Not set' (Constants/Not set)
2023-12-25T03:08:34.964306+00:00 DEBUG 'ansible_navigator.main' Prior to rollback: lint_config = 'Not set' (Constants/Not set)
2023-12-25T03:08:34.964350+00:00 DEBUG 'ansible_navigator.main' Prior to rollback: lintables = 'Not set' (Constants/Not set)
2023-12-25T03:08:34.964383+00:00 DEBUG 'ansible_navigator.main' Prior to rollback: log_append = 'True' (bool/Defaults)
2023-12-25T03:08:34.964425+00:00 DEBUG 'ansible_navigator.main' Prior to rollback: log_file = '/home/iac-admin/iac-labs/ansible-navigator.log' (str/Defaults)
2023-12-25T03:08:34.964469+00:00 DEBUG 'ansible_navigator.main' Prior to rollback: log_level = 'warning' (str/Defaults)
2023-12-25T03:08:34.964541+00:00 DEBUG 'ansible_navigator.main' Prior to rollback: mode = 'interactive' (str/Defaults)
2023-12-25T03:08:34.964586+00:00 DEBUG 'ansible_navigator.main' Prior to rollback: osc4 = 'True' (bool/Settings file)
2023-12-25T03:08:34.964632+00:00 DEBUG 'ansible_navigator.main' Prior to rollback: pass_environment_variable = 'Not set' (Constants/Not set)
2023-12-25T03:08:34.964677+00:00 DEBUG 'ansible_navigator.main' Prior to rollback: playbook = 'Not set' (Constants/Not set)
2023-12-25T03:08:34.964720+00:00 DEBUG 'ansible_navigator.main' Prior to rollback: playbook_artifact_enable = 'True' (bool/Defaults)
2023-12-25T03:08:34.964764+00:00 DEBUG 'ansible_navigator.main' Prior to rollback: playbook_artifact_replay = 'Not set' (Constants/Not set)
2023-12-25T03:08:34.964808+00:00 DEBUG 'ansible_navigator.main' Prior to rollback: playbook_artifact_save_as = '/home/iac-admin/iac-labs/logs/{playbook_name}.json' (str/Settings file)
2023-12-25T03:08:34.964843+00:00 DEBUG 'ansible_navigator.main' Prior to rollback: plugin_name = 'Not set' (Constants/Not set)
2023-12-25T03:08:34.964873+00:00 DEBUG 'ansible_navigator.main' Prior to rollback: plugin_type = 'module' (str/Defaults)
2023-12-25T03:08:34.964902+00:00 DEBUG 'ansible_navigator.main' Prior to rollback: pull_arguments = 'Not set' (Constants/Not set)
2023-12-25T03:08:34.964930+00:00 DEBUG 'ansible_navigator.main' Prior to rollback: pull_policy = 'tag' (str/Defaults)
2023-12-25T03:08:34.964957+00:00 DEBUG 'ansible_navigator.main' Prior to rollback: set_environment_variable = 'Not set' (Constants/Not set)
2023-12-25T03:08:34.964984+00:00 DEBUG 'ansible_navigator.main' Prior to rollback: settings_effective = 'False' (bool/Defaults)
2023-12-25T03:08:34.965011+00:00 DEBUG 'ansible_navigator.main' Prior to rollback: settings_sample = 'False' (bool/Defaults)
2023-12-25T03:08:34.965039+00:00 DEBUG 'ansible_navigator.main' Prior to rollback: settings_schema = 'json' (str/Defaults)
2023-12-25T03:08:34.965065+00:00 DEBUG 'ansible_navigator.main' Prior to rollback: settings_sources = 'False' (bool/Defaults)
2023-12-25T03:08:34.965100+00:00 DEBUG 'ansible_navigator.main' Prior to rollback: time_zone = 'UTC' (str/Defaults)
2023-12-25T03:08:34.965127+00:00 DEBUG 'ansible_navigator.main' Prior to rollback: workdir = '/home/iac-admin/iac-labs' (str/Defaults)
2023-12-25T03:08:34.965153+00:00 DEBUG 'ansible_navigator.main' After rollback: ansible_runner_artifact_dir = 'Not set' (Constants/Not set)
2023-12-25T03:08:34.965180+00:00 DEBUG 'ansible_navigator.main' After rollback: ansible_runner_rotate_artifacts_count = 'Not set' (Constants/Not set)
2023-12-25T03:08:34.965207+00:00 DEBUG 'ansible_navigator.main' After rollback: ansible_runner_timeout = 'Not set' (Constants/Not set)
2023-12-25T03:08:34.965233+00:00 DEBUG 'ansible_navigator.main' After rollback: ansible_runner_write_job_events = 'Not set' (Constants/Not set)
2023-12-25T03:08:34.965259+00:00 DEBUG 'ansible_navigator.main' After rollback: app = 'Not set' (Constants/Not set)
2023-12-25T03:08:34.965285+00:00 DEBUG 'ansible_navigator.main' After rollback: cmdline = 'Not set' (Constants/Not set)
2023-12-25T03:08:34.965312+00:00 DEBUG 'ansible_navigator.main' After rollback: collection_doc_cache_path = 'Not set' (Constants/Not set)
2023-12-25T03:08:34.965338+00:00 DEBUG 'ansible_navigator.main' After rollback: config = 'Not set' (Constants/Not set)
2023-12-25T03:08:34.965364+00:00 DEBUG 'ansible_navigator.main' After rollback: container_engine = 'Not set' (Constants/Not set)
2023-12-25T03:08:34.965391+00:00 DEBUG 'ansible_navigator.main' After rollback: container_options = 'Not set' (Constants/Not set)
2023-12-25T03:08:34.965417+00:00 DEBUG 'ansible_navigator.main' After rollback: display_color = 'Not set' (Constants/Not set)
2023-12-25T03:08:34.965443+00:00 DEBUG 'ansible_navigator.main' After rollback: editor_command = 'Not set' (Constants/Not set)
2023-12-25T03:08:34.965494+00:00 DEBUG 'ansible_navigator.main' After rollback: editor_console = 'Not set' (Constants/Not set)
2023-12-25T03:08:34.965528+00:00 DEBUG 'ansible_navigator.main' After rollback: enable_prompts = 'Not set' (Constants/Not set)
2023-12-25T03:08:34.965557+00:00 DEBUG 'ansible_navigator.main' After rollback: exec_command = 'Not set' (Constants/Not set)
2023-12-25T03:08:34.965583+00:00 DEBUG 'ansible_navigator.main' After rollback: exec_shell = 'Not set' (Constants/Not set)
2023-12-25T03:08:34.965610+00:00 DEBUG 'ansible_navigator.main' After rollback: execution_environment = 'Not set' (Constants/Not set)
2023-12-25T03:08:34.965637+00:00 DEBUG 'ansible_navigator.main' After rollback: execution_environment_image = 'Not set' (Constants/Not set)
2023-12-25T03:08:34.965664+00:00 DEBUG 'ansible_navigator.main' After rollback: execution_environment_volume_mounts = 'Not set' (Constants/Not set)
2023-12-25T03:08:34.965690+00:00 DEBUG 'ansible_navigator.main' After rollback: format = 'Not set' (Constants/Not set)
2023-12-25T03:08:34.965717+00:00 DEBUG 'ansible_navigator.main' After rollback: help_builder = 'Not set' (Constants/Not set)
2023-12-25T03:08:34.965743+00:00 DEBUG 'ansible_navigator.main' After rollback: help_config = 'Not set' (Constants/Not set)
2023-12-25T03:08:34.965769+00:00 DEBUG 'ansible_navigator.main' After rollback: help_doc = 'Not set' (Constants/Not set)
2023-12-25T03:08:34.965796+00:00 DEBUG 'ansible_navigator.main' After rollback: help_inventory = 'Not set' (Constants/Not set)
2023-12-25T03:08:34.965822+00:00 DEBUG 'ansible_navigator.main' After rollback: help_playbook = 'Not set' (Constants/Not set)
2023-12-25T03:08:34.965848+00:00 DEBUG 'ansible_navigator.main' After rollback: images_details = 'Not set' (Constants/Not set)
2023-12-25T03:08:34.965874+00:00 DEBUG 'ansible_navigator.main' After rollback: inventory = 'Not set' (Constants/Not set)
2023-12-25T03:08:34.965900+00:00 DEBUG 'ansible_navigator.main' After rollback: inventory_column = 'Not set' (Constants/Not set)
2023-12-25T03:08:34.965926+00:00 DEBUG 'ansible_navigator.main' After rollback: lint_config = 'Not set' (Constants/Not set)
2023-12-25T03:08:34.965952+00:00 DEBUG 'ansible_navigator.main' After rollback: lintables = 'Not set' (Constants/Not set)
2023-12-25T03:08:34.965982+00:00 DEBUG 'ansible_navigator.main' After rollback: log_append = 'Not set' (Constants/Not set)
2023-12-25T03:08:34.966008+00:00 DEBUG 'ansible_navigator.main' After rollback: log_file = 'Not set' (Constants/Not set)
2023-12-25T03:08:34.966034+00:00 DEBUG 'ansible_navigator.main' After rollback: log_level = 'Not set' (Constants/Not set)
2023-12-25T03:08:34.966060+00:00 DEBUG 'ansible_navigator.main' After rollback: mode = 'Not set' (Constants/Not set)
2023-12-25T03:08:34.966086+00:00 DEBUG 'ansible_navigator.main' After rollback: osc4 = 'Not set' (Constants/Not set)
2023-12-25T03:08:34.966112+00:00 DEBUG 'ansible_navigator.main' After rollback: pass_environment_variable = 'Not set' (Constants/Not set)
2023-12-25T03:08:34.966138+00:00 DEBUG 'ansible_navigator.main' After rollback: playbook = 'Not set' (Constants/Not set)
2023-12-25T03:08:34.966164+00:00 DEBUG 'ansible_navigator.main' After rollback: playbook_artifact_enable = 'Not set' (Constants/Not set)
2023-12-25T03:08:34.966190+00:00 DEBUG 'ansible_navigator.main' After rollback: playbook_artifact_replay = 'Not set' (Constants/Not set)
2023-12-25T03:08:34.966216+00:00 DEBUG 'ansible_navigator.main' After rollback: playbook_artifact_save_as = 'Not set' (Constants/Not set)
2023-12-25T03:08:34.966242+00:00 DEBUG 'ansible_navigator.main' After rollback: plugin_name = 'Not set' (Constants/Not set)
2023-12-25T03:08:34.966267+00:00 DEBUG 'ansible_navigator.main' After rollback: plugin_type = 'Not set' (Constants/Not set)
2023-12-25T03:08:34.966293+00:00 DEBUG 'ansible_navigator.main' After rollback: pull_arguments = 'Not set' (Constants/Not set)
2023-12-25T03:08:34.966318+00:00 DEBUG 'ansible_navigator.main' After rollback: pull_policy = 'Not set' (Constants/Not set)
2023-12-25T03:08:34.966344+00:00 DEBUG 'ansible_navigator.main' After rollback: set_environment_variable = 'Not set' (Constants/Not set)
2023-12-25T03:08:34.966370+00:00 DEBUG 'ansible_navigator.main' After rollback: settings_effective = 'Not set' (Constants/Not set)
2023-12-25T03:08:34.966396+00:00 DEBUG 'ansible_navigator.main' After rollback: settings_sample = 'Not set' (Constants/Not set)
2023-12-25T03:08:34.966422+00:00 DEBUG 'ansible_navigator.main' After rollback: settings_schema = 'Not set' (Constants/Not set)
2023-12-25T03:08:34.966447+00:00 DEBUG 'ansible_navigator.main' After rollback: settings_sources = 'Not set' (Constants/Not set)
2023-12-25T03:08:34.966493+00:00 DEBUG 'ansible_navigator.main' After rollback: time_zone = 'Not set' (Constants/Not set)
2023-12-25T03:08:34.966526+00:00 DEBUG 'ansible_navigator.main' After rollback: workdir = 'Not set' (Constants/Not set)
2023-12-25T03:08:34.966554+00:00 DEBUG 'ansible_navigator.main' Configuration rollback complete.
2023-12-25T03:08:34.966581+00:00 DEBUG 'ansible_navigator.main' Collection doc cache not mounted
2023-12-25T03:08:34.966618+00:00 WARNING 'ansible_navigator.main' Issues were found while applying the settings.
2023-12-25T03:08:34.966650+00:00 INFO 'ansible_navigator.main' Command provided: '--display-color'
2023-12-25T03:08:34.966684+00:00 ERROR 'ansible_navigator.main' argument --dc/--display-color: expected one argument
2023-12-25T03:08:34.966715+00:00 INFO 'ansible_navigator.main' Configuration failed, using default log file location. (/home/iac-admin/iac-labs/ansible-navigator.log) Log level set to debug
2023-12-25T03:08:34.966745+00:00 INFO 'ansible_navigator.main' Review the hints and log file to see what went wrong.
2023-12-25T03:20:45.273199+00:00 CRITICAL 'ansible_navigator.actions.run_playbook._handle_message' Unhandled message from runner queue, discarded: {'event': 'verbose', 'uuid': '48f4e285-22f4-4ac7-a171-ffa9728a617c', 'counter': 1, 'stdout': '\x1b[0;31mERROR! the playbook: apache.yaml could not be found\x1b[0m', 'start_line': 0, 'end_line': 1, 'runner_ident': '3f7ea522-5ba1-49ac-9fe9-43d9734347dd', 'created': '2023-12-25T03:20:45.267243'}
2023-12-25T03:47:35.309258+00:00 CRITICAL 'ansible_navigator.actions.run_playbook._handle_message' Unhandled message from runner queue, discarded: {'event': 'verbose', 'uuid': 'c9636100-6a08-45a2-aac7-01458723f1ee', 'counter': 1, 'stdout': '\x1b[0;31mERROR! the playbook: 05 could not be found\x1b[0m', 'start_line': 0, 'end_line': 1, 'runner_ident': '89c0a3ff-d655-4612-9b73-9f06a2274f9b', 'created': '2023-12-25T03:47:35.301248'}
2023-12-25T03:47:35.586089+00:00 WARNING 'ansible_navigator.run' Dirty exit, killing the pid
